<?xml version="1.0" encoding="UTF-8"?>
<!-- Generated by org.testng.reporters.JUnitXMLReporter -->
<testsuite ignored="6" hostname="DESKTOP-G4Q27H6" failures="0" tests="2" name="Regression test" time="0.063" errors="0" timestamp="2025-07-14T00:34:21 IST">
  <testcase classname="group_package2.pack1" name="test4" time="0.011"/>
  <testcase classname="group1_package.pack2" name="test8" time="0.002"/>
  <testcase classname="group_package2.pack1" name="test3" time="0.0">
    <ignored/>
  </testcase> <!-- test3 -->
  <testcase classname="group_package2.pack1" name="test" time="0.0">
    <ignored/>
  </testcase> <!-- test -->
  <testcase classname="group_package2.pack1" name="test2" time="0.0">
    <ignored/>
  </testcase> <!-- test2 -->
  <testcase classname="group1_package.pack2" name="test6" time="0.0">
    <ignored/>
  </testcase> <!-- test6 -->
  <testcase classname="group1_package.pack2" name="test7" time="0.0">
    <ignored/>
  </testcase> <!-- test7 -->
  <testcase classname="group1_package.pack2" name="test5" time="0.0">
    <ignored/>
  </testcase> <!-- test5 -->
</testsuite> <!-- Regression test -->
