<?xml version="1.0" encoding="UTF-8"?>
<!-- Generated by org.testng.reporters.JUnitXMLReporter -->
<testsuite ignored="0" hostname="DESKTOP-G4Q27H6" failures="0" tests="6" name="Regression test2" time="0.036" errors="0" timestamp="2025-06-25T15:41:30 IST">
  <testcase classname="testngpc.copy.NG" name="login" time="0.001"/>
  <testcase classname="testngpc.copy.NG" name="mail" time="0.003"/>
  <testcase classname="testngpc.copy.NG" name="perfomadd" time="0.003"/>
  <testcase classname="testngpc.copy.NG2" name="login" time="0.002"/>
  <testcase classname="testngpc.copy.NG2" name="mail" time="0.001"/>
  <testcase classname="testngpc.copy.NG2" name="perfomadd" time="0.004"/>
</testsuite> <!-- Regression test2 -->
