<?xml version="1.0" encoding="UTF-8"?>
<testng-results ignored="6" total="8" passed="2" failed="0" skipped="0">
  <reporter-output>
  </reporter-output>
  <suite started-at="2025-07-14T00:34:21 IST" name="Regression Suite" finished-at="2025-07-14T00:34:21 IST" duration-ms="63">
    <groups>
      <group name="Sanity">
        <method signature="pack2.test8()[pri:0, instance:group1_package.pack2@130d63be]" name="test8" class="group1_package.pack2"/>
        <method signature="pack1.test4()[pri:0, instance:group_package2.pack1@2f9f7dcf]" name="test4" class="group_package2.pack1"/>
      </group> <!-- Sanity -->
    </groups>
    <test started-at="2025-07-14T00:34:21 IST" name="Regression test" finished-at="2025-07-14T00:34:21 IST" duration-ms="63">
      <class name="group_package2.pack1">
        <test-method signature="test4()[pri:0, instance:group_package2.pack1@2f9f7dcf]" started-at="2025-07-14T00:34:21 IST" name="test4" finished-at="2025-07-14T00:34:21 IST" duration-ms="11" status="PASS">
          <reporter-output>
          </reporter-output>
        </test-method> <!-- test4 -->
      </class> <!-- group_package2.pack1 -->
      <class name="group1_package.pack2">
        <test-method signature="test8()[pri:0, instance:group1_package.pack2@130d63be]" started-at="2025-07-14T00:34:21 IST" name="test8" finished-at="2025-07-14T00:34:21 IST" duration-ms="2" status="PASS">
          <reporter-output>
          </reporter-output>
        </test-method> <!-- test8 -->
      </class> <!-- group1_package.pack2 -->
    </test> <!-- Regression test -->
  </suite> <!-- Regression Suite -->
</testng-results>
